<?xml version="1.0" encoding="UTF-8"?>
<testng-results ignored="0" total="1" passed="1" failed="0" skipped="0">
  <reporter-output>
  </reporter-output>
  <suite started-at="2024-12-12T09:27:48 MST" name="Suite" finished-at="2024-12-12T09:27:56 MST" duration-ms="8130">
    <groups>
    </groups>
    <test started-at="2024-12-12T09:27:48 MST" name="Test" finished-at="2024-12-12T09:27:56 MST" duration-ms="8130">
      <class name="tests.DiabalePasswordManageFeatures">
        <test-method is-config="true" signature="setUp()[pri:0, instance:tests.DiabalePasswordManageFeatures@40ef3420]" started-at="2024-12-12T09:27:48 MST" name="setUp" finished-at="2024-12-12T09:27:50 MST" duration-ms="2136" status="PASS">
          <reporter-output>
          </reporter-output>
        </test-method> <!-- setUp -->
        <test-method signature="loginToOpenCart()[pri:0, instance:tests.DiabalePasswordManageFeatures@40ef3420]" started-at="2024-12-12T09:27:50 MST" name="loginToOpenCart" finished-at="2024-12-12T09:27:56 MST" duration-ms="5953" status="PASS">
          <reporter-output>
          </reporter-output>
        </test-method> <!-- loginToOpenCart -->
        <test-method is-config="true" signature="tearDown()[pri:0, instance:tests.DiabalePasswordManageFeatures@40ef3420]" started-at="2024-12-12T09:27:56 MST" name="tearDown" finished-at="2024-12-12T09:27:56 MST" duration-ms="1" status="PASS">
          <reporter-output>
          </reporter-output>
        </test-method> <!-- tearDown -->
      </class> <!-- tests.DiabalePasswordManageFeatures -->
    </test> <!-- Test -->
  </suite> <!-- Suite -->
</testng-results>
