<?xml version="1.0" encoding="UTF-8"?>
<testng-results ignored="0" total="2" passed="2" failed="0" skipped="0">
  <reporter-output>
  </reporter-output>
  <suite started-at="2024-12-18T16:53:13 MST" name="Suite" finished-at="2024-12-18T16:53:39 MST" duration-ms="26872">
    <groups>
    </groups>
    <test started-at="2024-12-18T16:53:13 MST" name="Test" finished-at="2024-12-18T16:53:39 MST" duration-ms="26872">
      <class name="tests.DiabalePasswordManageFeatures">
        <test-method is-config="true" signature="setUp()[pri:0, instance:tests.DiabalePasswordManageFeatures@815b41f]" started-at="2024-12-18T16:53:13 MST" name="setUp" finished-at="2024-12-18T16:53:21 MST" duration-ms="8799" status="PASS">
          <reporter-output>
          </reporter-output>
        </test-method> <!-- setUp -->
        <test-method signature="navigateToOpenCart()[pri:1, instance:tests.DiabalePasswordManageFeatures@815b41f]" started-at="2024-12-18T16:53:21 MST" name="navigateToOpenCart" finished-at="2024-12-18T16:53:26 MST" duration-ms="4550" status="PASS">
          <reporter-output>
          </reporter-output>
        </test-method> <!-- navigateToOpenCart -->
        <test-method is-config="true" signature="tearDown()[pri:0, instance:tests.DiabalePasswordManageFeatures@815b41f]" started-at="2024-12-18T16:53:26 MST" name="tearDown" finished-at="2024-12-18T16:53:26 MST" duration-ms="258" status="PASS">
          <reporter-output>
          </reporter-output>
        </test-method> <!-- tearDown -->
        <test-method is-config="true" signature="setUp()[pri:0, instance:tests.DiabalePasswordManageFeatures@815b41f]" started-at="2024-12-18T16:53:26 MST" name="setUp" finished-at="2024-12-18T16:53:27 MST" duration-ms="1203" status="PASS">
          <reporter-output>
          </reporter-output>
        </test-method> <!-- setUp -->
        <test-method signature="loginToOpenCart()[pri:2, instance:tests.DiabalePasswordManageFeatures@815b41f]" started-at="2024-12-18T16:53:27 MST" name="loginToOpenCart" finished-at="2024-12-18T16:53:39 MST" duration-ms="11726" status="PASS">
          <reporter-output>
          </reporter-output>
        </test-method> <!-- loginToOpenCart -->
        <test-method is-config="true" signature="tearDown()[pri:0, instance:tests.DiabalePasswordManageFeatures@815b41f]" started-at="2024-12-18T16:53:39 MST" name="tearDown" finished-at="2024-12-18T16:53:39 MST" duration-ms="272" status="PASS">
          <reporter-output>
          </reporter-output>
        </test-method> <!-- tearDown -->
      </class> <!-- tests.DiabalePasswordManageFeatures -->
    </test> <!-- Test -->
  </suite> <!-- Suite -->
</testng-results>
